<?xml version="1.0" encoding="UTF-8"?>
<!-- Generated by org.testng.reporters.JUnitReportReporter -->
<testsuite hostname="DESKTOP-9PEPIGJ" failures="0" tests="1" name="testCase_Google.ExternalisatioOfXpaths" time="23.026" errors="0" timestamp="2022-06-08T18:00:55 IST" skipped="0">
  <testcase classname="testCase_Google.ExternalisatioOfXpaths" name="clickBestseller" time="23.026"/>
  <system-out/>
</testsuite> <!-- testCase_Google.ExternalisatioOfXpaths -->
