<?xml version="1.0" encoding="UTF-8"?>
<!-- Generated by org.testng.reporters.JUnitReportReporter -->
<testsuite hostname="DESKTOP-9PEPIGJ" failures="0" tests="4" name="testCase_Google.AmazonWithEnum" time="220.507" errors="0" timestamp="2022-06-24T14:01:42 IST" skipped="0">
  <testcase classname="testCase_Google.AmazonWithEnum" name="clickBestseller" time="59.310"/>
  <system-out/>
  <testcase classname="testCase_Google.AmazonWithEnum" name="verifySearchBox1" time="45.609"/>
  <system-out/>
  <testcase classname="testCase_Google.AmazonWithEnum" name="clickHelpButtonAtTheBottom" time="61.463"/>
  <system-out/>
  <testcase classname="testCase_Google.AmazonWithEnum" name="clickMobileButton" time="54.125"/>
  <system-out/>
</testsuite> <!-- testCase_Google.AmazonWithEnum -->
