<?xml version="1.0" encoding="UTF-8"?>
<!-- Generated by org.testng.reporters.JUnitReportReporter -->
<testsuite hostname="DESKTOP-9PEPIGJ" failures="0" tests="1" name="testCase_Google.BrokenImageAndLinks" time="324.114" errors="0" timestamp="2022-06-06T16:44:00 IST" skipped="0">
  <testcase classname="testCase_Google.BrokenImageAndLinks" name="verifyBrokenImage" time="324.114"/>
  <system-out/>
</testsuite> <!-- testCase_Google.BrokenImageAndLinks -->
