<?xml version="1.0" encoding="UTF-8"?>
<!-- Generated by org.testng.reporters.JUnitReportReporter -->
<testsuite hostname="DESKTOP-9PEPIGJ" failures="0" tests="1" name="com_Fintoo_com_test_module.Com_Fintoo_Com_Login_Module" time="52.040" errors="0" timestamp="2022-06-18T15:35:46 IST" skipped="0">
  <testcase classname="com_Fintoo_com_test_module.Com_Fintoo_Com_Login_Module" name="validateLoginIconOnHomePage" time="52.040"/>
  <system-out/>
</testsuite> <!-- com_Fintoo_com_test_module.Com_Fintoo_Com_Login_Module -->
