<?xml version="1.0" encoding="UTF-8"?>
<!-- Generated by org.testng.reporters.JUnitReportReporter -->
<testsuite hostname="DESKTOP-6RBKCSL" failures="0" tests="1" name="testCase_Google.DropDown" time="0.604" errors="0" timestamp="2022-05-29T17:59:35 IST" skipped="0">
  <testcase classname="testCase_Google.DropDown" name="dropDownBox" time="0.604"/>
  <system-out/>
</testsuite> <!-- testCase_Google.DropDown -->
