<?xml version="1.0" encoding="UTF-8"?>
<!-- Generated by org.testng.reporters.JUnitReportReporter -->
<testsuite hostname="DESKTOP-9PEPIGJ" failures="0" tests="1" name="testCase_Google.AutoSuggest" time="14.493" errors="0" timestamp="2022-06-07T18:24:55 IST" skipped="0">
  <testcase classname="testCase_Google.AutoSuggest" name="autoSuggestOption" time="14.493"/>
  <system-out/>
</testsuite> <!-- testCase_Google.AutoSuggest -->
