<?xml version="1.0" encoding="UTF-8"?>
<!-- Generated by org.testng.reporters.JUnitReportReporter -->
<testsuite hostname="DESKTOP-6RBKCSL" failures="0" tests="2" name="testCase_Google.FbLoginFunctionalityCheckWithMultipleTestData" time="92.769" errors="0" timestamp="2022-05-30T12:50:05 IST" skipped="0">
  <testcase classname="testCase_Google.FbLoginFunctionalityCheckWithMultipleTestData" name="loginFunctionalityCheckWithMultipleData" time="35.880"/>
  <system-out/>
  <testcase classname="testCase_Google.FbLoginFunctionalityCheckWithMultipleTestData" name="loginFunctionalityCheckWithMultipleData" time="56.889"/>
  <system-out/>
</testsuite> <!-- testCase_Google.FbLoginFunctionalityCheckWithMultipleTestData -->
