<?xml version="1.0" encoding="UTF-8"?>
<!-- Generated by org.testng.reporters.JUnitReportReporter -->
<testsuite hostname="DESKTOP-9PEPIGJ" failures="0" tests="1" name="testCase_Google.CssSelector" time="18.358" errors="0" timestamp="2022-06-06T13:28:36 IST" skipped="0">
  <testcase classname="testCase_Google.CssSelector" name="sendKeysInPassword" time="18.358"/>
  <system-out/>
</testsuite> <!-- testCase_Google.CssSelector -->
