<?xml version="1.0" encoding="UTF-8"?>
<!-- Generated by org.testng.reporters.JUnitReportReporter -->
<testsuite hostname="DESKTOP-9PEPIGJ" failures="0" tests="1" name="testCase_Google.BrokenLinkPractice" time="32.285" errors="0" timestamp="2022-06-07T16:34:18 IST" skipped="0">
  <testcase classname="testCase_Google.BrokenLinkPractice" name="bLink" time="32.285"/>
  <system-out/>
</testsuite> <!-- testCase_Google.BrokenLinkPractice -->
